(0000) 3000  0011000000000000 (   8)                 .ORIG x3000
(3000) 2210  0010001000010000 (  10)                 LD    R1 Num1
(3001) 2410  0010010000010000 (  11)                 LD    R2 Num2
(3002) 927F  1001001001111111 (  12) or              NOT   R1 R1
(3003) 94BF  1001010010111111 (  13)                 NOT   R2 R2
(3004) 5642  0101011001000010 (  14)                 AND   R3 R1 R2
(3005) 96FF  1001011011111111 (  15)                 NOT   R3 R3
(3006) 927F  1001001001111111 (  17) xor             NOT   R1 R1
(3007) 5642  0101011001000010 (  18)                 AND   R3 R1 R2
(3008) 927F  1001001001111111 (  19)                 NOT   R1 R1
(3009) 94BF  1001010010111111 (  20)                 NOT   R2 R2
(300A) 5842  0101100001000010 (  21)                 AND   R4 R1 R2
(300B) 94BF  1001010010111111 (  22)                 NOT   R2 R2
(300C) 96FF  1001011011111111 (  23)                 NOT   R3 R3
(300D) 993F  1001100100111111 (  24)                 NOT   R4 R4
(300E) 56C4  0101011011000100 (  25)                 AND   R3 R3 R4
(300F) 98FF  1001100011111111 (  26)                 NOT   R4 R3
(3010) F025  1111000000100101 (  30)                 TRAP  x25
(3011) 0002  0000000000000010 (  31) Num1            .FILL x0002
(3012) 0004  0000000000000100 (  32) Num2            .FILL x0004
